# JRE version: Java(TM) SE Runtime Environment (8.0_202-b08) (build 1.8.0_202-b08)
# Java VM: Java HotSpot(TM) 64-Bit Server VM (25.202-b08 mixed mode windows-amd64 compressed oops)
Heap:
 PSYoungGen      total 30720K, used 8809K [0x00000000eb180000, 0x00000000ed480000, 0x0000000100000000)
  eden space 29696K, 26% used [0x00000000eb180000,0x00000000eb92ce40,0x00000000ece80000)
  from space 1024K, 92% used [0x00000000ed380000,0x00000000ed46d920,0x00000000ed480000)
  to   space 2560K, 0% used [0x00000000ed100000,0x00000000ed100000,0x00000000ed380000)
 ParOldGen       total 60416K, used 39851K [0x00000000c1400000, 0x00000000c4f00000, 0x00000000eb180000)
  object space 60416K, 65% used [0x00000000c1400000,0x00000000c3aeae48,0x00000000c4f00000)
 Metaspace       used 9843K, capacity 10084K, committed 10240K, reserved 1058816K
  class space    used 1184K, capacity 1260K, committed 1280K, reserved 1048576K
GC Heap History (10 events):
Event: 0.672 GC heap before
{Heap before GC invocations=1 (full 0):
 PSYoungGen      total 18944K, used 16384K [0x00000000eb180000, 0x00000000ec680000, 0x0000000100000000)
  eden space 16384K, 100% used [0x00000000eb180000,0x00000000ec180000,0x00000000ec180000)
  from space 2560K, 0% used [0x00000000ec400000,0x00000000ec400000,0x00000000ec680000)
  to   space 2560K, 0% used [0x00000000ec180000,0x00000000ec180000,0x00000000ec400000)
 ParOldGen       total 44032K, used 0K [0x00000000c1400000, 0x00000000c3f00000, 0x00000000eb180000)
  object space 44032K, 0% used [0x00000000c1400000,0x00000000c1400000,0x00000000c3f00000)
 Metaspace       used 7172K, capacity 7346K, committed 7680K, reserved 1056768K
  class space    used 845K, capacity 935K, committed 1024K, reserved 1048576K
Event: 0.681 GC heap after
Heap after GC invocations=1 (full 0):
 PSYoungGen      total 18944K, used 1590K [0x00000000eb180000, 0x00000000ed680000, 0x0000000100000000)
  eden space 16384K, 0% used [0x00000000eb180000,0x00000000eb180000,0x00000000ec180000)
  from space 2560K, 62% used [0x00000000ec180000,0x00000000ec30dab8,0x00000000ec400000)
  to   space 2560K, 0% used [0x00000000ed400000,0x00000000ed400000,0x00000000ed680000)
 ParOldGen       total 44032K, used 18758K [0x00000000c1400000, 0x00000000c3f00000, 0x00000000eb180000)
  object space 44032K, 42% used [0x00000000c1400000,0x00000000c2651850,0x00000000c3f00000)
 Metaspace       used 7172K, capacity 7346K, committed 7680K, reserved 1056768K
  class space    used 845K, capacity 935K, committed 1024K, reserved 1048576K
}
Event: 4.709 GC heap before
{Heap before GC invocations=2 (full 0):
 PSYoungGen      total 18944K, used 17974K [0x00000000eb180000, 0x00000000ed680000, 0x0000000100000000)
  eden space 16384K, 100% used [0x00000000eb180000,0x00000000ec180000,0x00000000ec180000)
  from space 2560K, 62% used [0x00000000ec180000,0x00000000ec30dab8,0x00000000ec400000)
  to   space 2560K, 0% used [0x00000000ed400000,0x00000000ed400000,0x00000000ed680000)
 ParOldGen       total 44032K, used 18758K [0x00000000c1400000, 0x00000000c3f00000, 0x00000000eb180000)
  object space 44032K, 42% used [0x00000000c1400000,0x00000000c2651850,0x00000000c3f00000)
 Metaspace       used 9248K, capacity 9490K, committed 9728K, reserved 1058816K
  class space    used 1121K, capacity 1193K, committed 1280K, reserved 1048576K
Event: 4.716 GC heap after
Heap after GC invocations=2 (full 0):
 PSYoungGen      total 18432K, used 1984K [0x00000000eb180000, 0x00000000ed600000, 0x0000000100000000)
  eden space 16384K, 0% used [0x00000000eb180000,0x00000000eb180000,0x00000000ec180000)
  from space 2048K, 96% used [0x00000000ed400000,0x00000000ed5f02d0,0x00000000ed600000)
  to   space 2560K, 0% used [0x00000000ed100000,0x00000000ed100000,0x00000000ed380000)
 ParOldGen       total 44032K, used 25992K [0x00000000c1400000, 0x00000000c3f00000, 0x00000000eb180000)
  object space 44032K, 59% used [0x00000000c1400000,0x00000000c2d62368,0x00000000c3f00000)
 Metaspace       used 9248K, capacity 9490K, committed 9728K, reserved 1058816K
  class space    used 1121K, capacity 1193K, committed 1280K, reserved 1048576K
}
Event: 4.716 GC heap before
{Heap before GC invocations=3 (full 1):
 PSYoungGen      total 18432K, used 1984K [0x00000000eb180000, 0x00000000ed600000, 0x0000000100000000)
  eden space 16384K, 0% used [0x00000000eb180000,0x00000000eb180000,0x00000000ec180000)
  from space 2048K, 96% used [0x00000000ed400000,0x00000000ed5f02d0,0x00000000ed600000)
  to   space 2560K, 0% used [0x00000000ed100000,0x00000000ed100000,0x00000000ed380000)
 ParOldGen       total 44032K, used 25992K [0x00000000c1400000, 0x00000000c3f00000, 0x00000000eb180000)
  object space 44032K, 59% used [0x00000000c1400000,0x00000000c2d62368,0x00000000c3f00000)
 Metaspace       used 9248K, capacity 9490K, committed 9728K, reserved 1058816K
  class space    used 1121K, capacity 1193K, committed 1280K, reserved 1048576K
Event: 4.733 GC heap after
Heap after GC invocations=3 (full 1):
 PSYoungGen      total 18432K, used 0K [0x00000000eb180000, 0x00000000ed600000, 0x0000000100000000)
  eden space 16384K, 0% used [0x00000000eb180000,0x00000000eb180000,0x00000000ec180000)
  from space 2048K, 0% used [0x00000000ed400000,0x00000000ed400000,0x00000000ed600000)
  to   space 2560K, 0% used [0x00000000ed100000,0x00000000ed100000,0x00000000ed380000)
 ParOldGen       total 60416K, used 16597K [0x00000000c1400000, 0x00000000c4f00000, 0x00000000eb180000)
  object space 60416K, 27% used [0x00000000c1400000,0x00000000c2435758,0x00000000c4f00000)
 Metaspace       used 9248K, capacity 9490K, committed 9728K, reserved 1058816K
  class space    used 1121K, capacity 1193K, committed 1280K, reserved 1048576K
}
Event: 4.922 GC heap before
{Heap before GC invocations=4 (full 1):
 PSYoungGen      total 18432K, used 16384K [0x00000000eb180000, 0x00000000ed600000, 0x0000000100000000)
  eden space 16384K, 100% used [0x00000000eb180000,0x00000000ec180000,0x00000000ec180000)
  from space 2048K, 0% used [0x00000000ed400000,0x00000000ed400000,0x00000000ed600000)
  to   space 2560K, 0% used [0x00000000ed100000,0x00000000ed100000,0x00000000ed380000)
 ParOldGen       total 60416K, used 16597K [0x00000000c1400000, 0x00000000c4f00000, 0x00000000eb180000)
  object space 60416K, 27% used [0x00000000c1400000,0x00000000c2435758,0x00000000c4f00000)
 Metaspace       used 9797K, capacity 10008K, committed 10240K, reserved 1058816K
  class space    used 1182K, capacity 1258K, committed 1280K, reserved 1048576K
Event: 4.928 GC heap after
Heap after GC invocations=4 (full 1):
 PSYoungGen      total 32256K, used 2536K [0x00000000eb180000, 0x00000000ed480000, 0x0000000100000000)
  eden space 29696K, 0% used [0x00000000eb180000,0x00000000eb180000,0x00000000ece80000)
  from space 2560K, 99% used [0x00000000ed100000,0x00000000ed37a208,0x00000000ed380000)
  to   space 1024K, 0% used [0x00000000ed380000,0x00000000ed380000,0x00000000ed480000)
 ParOldGen       total 60416K, used 29370K [0x00000000c1400000, 0x00000000c4f00000, 0x00000000eb180000)
  object space 60416K, 48% used [0x00000000c1400000,0x00000000c30aea38,0x00000000c4f00000)
 Metaspace       used 9797K, capacity 10008K, committed 10240K, reserved 1058816K
  class space    used 1182K, capacity 1258K, committed 1280K, reserved 1048576K
}
Event: 5.166 GC heap before
{Heap before GC invocations=5 (full 1):
 PSYoungGen      total 32256K, used 31553K [0x00000000eb180000, 0x00000000ed480000, 0x0000000100000000)
  eden space 29696K, 97% used [0x00000000eb180000,0x00000000ecdd63f8,0x00000000ece80000)
  from space 2560K, 99% used [0x00000000ed100000,0x00000000ed37a208,0x00000000ed380000)
  to   space 1024K, 0% used [0x00000000ed380000,0x00000000ed380000,0x00000000ed480000)
 ParOldGen       total 60416K, used 29370K [0x00000000c1400000, 0x00000000c4f00000, 0x00000000eb180000)
  object space 60416K, 48% used [0x00000000c1400000,0x00000000c30aea38,0x00000000c4f00000)
 Metaspace       used 9843K, capacity 10084K, committed 10240K, reserved 1058816K
  class space    used 1184K, capacity 1260K, committed 1280K, reserved 1048576K
Event: 5.175 GC heap after
Heap after GC invocations=5 (full 1):
 PSYoungGen      total 30720K, used 950K [0x00000000eb180000, 0x00000000ed480000, 0x0000000100000000)
  eden space 29696K, 0% used [0x00000000eb180000,0x00000000eb180000,0x00000000ece80000)
  from space 1024K, 92% used [0x00000000ed380000,0x00000000ed46d920,0x00000000ed480000)
  to   space 2560K, 0% used [0x00000000ed100000,0x00000000ed100000,0x00000000ed380000)
 ParOldGen       total 60416K, used 39851K [0x00000000c1400000, 0x00000000c4f00000, 0x00000000eb180000)
  object space 60416K, 65% used [0x00000000c1400000,0x00000000c3aeae48,0x00000000c4f00000)
 Metaspace       used 9843K, capacity 10084K, committed 10240K, reserved 1058816K
  class space    used 1184K, capacity 1260K, committed 1280K, reserved 1048576K
}

