# JRE version: Java(TM) SE Runtime Environment (8.0_202-b08) (build 1.8.0_202-b08)
# Java VM: Java HotSpot(TM) 64-Bit Server VM (25.202-b08 mixed mode windows-amd64 compressed oops)
Heap:
 PSYoungGen      total 80384K, used 5448K [0x00000000eb180000, 0x00000000f1e00000, 0x0000000100000000)
  eden space 79872K, 6% used [0x00000000eb180000,0x00000000eb6b2150,0x00000000eff80000)
  from space 512K, 25% used [0x00000000f1d80000,0x00000000f1da0000,0x00000000f1e00000)
  to   space 1536K, 0% used [0x00000000f1b00000,0x00000000f1b00000,0x00000000f1c80000)
 ParOldGen       total 132096K, used 41656K [0x00000000c1400000, 0x00000000c9500000, 0x00000000eb180000)
  object space 132096K, 31% used [0x00000000c1400000,0x00000000c3cae218,0x00000000c9500000)
 Metaspace       used 11887K, capacity 12144K, committed 12288K, reserved 1060864K
  class space    used 1456K, capacity 1520K, committed 1536K, reserved 1048576K
GC Heap History (10 events):
Event: 38.522 GC heap before
{Heap before GC invocations=24 (full 5):
 PSYoungGen      total 88576K, used 88116K [0x00000000eb180000, 0x00000000f2000000, 0x0000000100000000)
  eden space 88064K, 99% used [0x00000000eb180000,0x00000000f076d048,0x00000000f0780000)
  from space 512K, 25% used [0x00000000f1f80000,0x00000000f1fa0000,0x00000000f2000000)
  to   space 2048K, 0% used [0x00000000f1c00000,0x00000000f1c00000,0x00000000f1e00000)
 ParOldGen       total 119296K, used 71663K [0x00000000c1400000, 0x00000000c8880000, 0x00000000eb180000)
  object space 119296K, 60% used [0x00000000c1400000,0x00000000c59fbd70,0x00000000c8880000)
 Metaspace       used 11874K, capacity 12144K, committed 12288K, reserved 1060864K
  class space    used 1456K, capacity 1520K, committed 1536K, reserved 1048576K
Event: 38.525 GC heap after
Heap after GC invocations=24 (full 5):
 PSYoungGen      total 88064K, used 160K [0x00000000eb180000, 0x00000000f2000000, 0x0000000100000000)
  eden space 86016K, 0% used [0x00000000eb180000,0x00000000eb180000,0x00000000f0580000)
  from space 2048K, 7% used [0x00000000f1c00000,0x00000000f1c28000,0x00000000f1e00000)
  to   space 1536K, 0% used [0x00000000f1e80000,0x00000000f1e80000,0x00000000f2000000)
 ParOldGen       total 119296K, used 82913K [0x00000000c1400000, 0x00000000c8880000, 0x00000000eb180000)
  object space 119296K, 69% used [0x00000000c1400000,0x00000000c64f85a0,0x00000000c8880000)
 Metaspace       used 11874K, capacity 12144K, committed 12288K, reserved 1060864K
  class space    used 1456K, capacity 1520K, committed 1536K, reserved 1048576K
}
Event: 40.957 GC heap before
{Heap before GC invocations=25 (full 5):
 PSYoungGen      total 88064K, used 84359K [0x00000000eb180000, 0x00000000f2000000, 0x0000000100000000)
  eden space 86016K, 97% used [0x00000000eb180000,0x00000000f03b9fb8,0x00000000f0580000)
  from space 2048K, 7% used [0x00000000f1c00000,0x00000000f1c28000,0x00000000f1e00000)
  to   space 1536K, 0% used [0x00000000f1e80000,0x00000000f1e80000,0x00000000f2000000)
 ParOldGen       total 119296K, used 82913K [0x00000000c1400000, 0x00000000c8880000, 0x00000000eb180000)
  object space 119296K, 69% used [0x00000000c1400000,0x00000000c64f85a0,0x00000000c8880000)
 Metaspace       used 11878K, capacity 12144K, committed 12288K, reserved 1060864K
  class space    used 1456K, capacity 1520K, committed 1536K, reserved 1048576K
Event: 40.960 GC heap after
Heap after GC invocations=25 (full 5):
 PSYoungGen      total 84480K, used 128K [0x00000000eb180000, 0x00000000f1f00000, 0x0000000100000000)
  eden space 83968K, 0% used [0x00000000eb180000,0x00000000eb180000,0x00000000f0380000)
  from space 512K, 25% used [0x00000000f1e80000,0x00000000f1ea0000,0x00000000f1f00000)
  to   space 1536K, 0% used [0x00000000f1c00000,0x00000000f1c00000,0x00000000f1d80000)
 ParOldGen       total 119296K, used 94163K [0x00000000c1400000, 0x00000000c8880000, 0x00000000eb180000)
  object space 119296K, 78% used [0x00000000c1400000,0x00000000c6ff4dd0,0x00000000c8880000)
 Metaspace       used 11878K, capacity 12144K, committed 12288K, reserved 1060864K
  class space    used 1456K, capacity 1520K, committed 1536K, reserved 1048576K
}
Event: 43.281 GC heap before
{Heap before GC invocations=26 (full 5):
 PSYoungGen      total 84480K, used 80539K [0x00000000eb180000, 0x00000000f1f00000, 0x0000000100000000)
  eden space 83968K, 95% used [0x00000000eb180000,0x00000000f0006ea8,0x00000000f0380000)
  from space 512K, 25% used [0x00000000f1e80000,0x00000000f1ea0000,0x00000000f1f00000)
  to   space 1536K, 0% used [0x00000000f1c00000,0x00000000f1c00000,0x00000000f1d80000)
 ParOldGen       total 119296K, used 94163K [0x00000000c1400000, 0x00000000c8880000, 0x00000000eb180000)
  object space 119296K, 78% used [0x00000000c1400000,0x00000000c6ff4dd0,0x00000000c8880000)
 Metaspace       used 11882K, capacity 12144K, committed 12288K, reserved 1060864K
  class space    used 1456K, capacity 1520K, committed 1536K, reserved 1048576K
Event: 43.284 GC heap after
Heap after GC invocations=26 (full 5):
 PSYoungGen      total 83456K, used 160K [0x00000000eb180000, 0x00000000f1f00000, 0x0000000100000000)
  eden space 81920K, 0% used [0x00000000eb180000,0x00000000eb180000,0x00000000f0180000)
  from space 1536K, 10% used [0x00000000f1c00000,0x00000000f1c28000,0x00000000f1d80000)
  to   space 1536K, 0% used [0x00000000f1d80000,0x00000000f1d80000,0x00000000f1f00000)
 ParOldGen       total 119296K, used 105413K [0x00000000c1400000, 0x00000000c8880000, 0x00000000eb180000)
  object space 119296K, 88% used [0x00000000c1400000,0x00000000c7af1600,0x00000000c8880000)
 Metaspace       used 11882K, capacity 12144K, committed 12288K, reserved 1060864K
  class space    used 1456K, capacity 1520K, committed 1536K, reserved 1048576K
}
Event: 43.284 GC heap before
{Heap before GC invocations=27 (full 6):
 PSYoungGen      total 83456K, used 160K [0x00000000eb180000, 0x00000000f1f00000, 0x0000000100000000)
  eden space 81920K, 0% used [0x00000000eb180000,0x00000000eb180000,0x00000000f0180000)
  from space 1536K, 10% used [0x00000000f1c00000,0x00000000f1c28000,0x00000000f1d80000)
  to   space 1536K, 0% used [0x00000000f1d80000,0x00000000f1d80000,0x00000000f1f00000)
 ParOldGen       total 119296K, used 105413K [0x00000000c1400000, 0x00000000c8880000, 0x00000000eb180000)
  object space 119296K, 88% used [0x00000000c1400000,0x00000000c7af1600,0x00000000c8880000)
 Metaspace       used 11882K, capacity 12144K, committed 12288K, reserved 1060864K
  class space    used 1456K, capacity 1520K, committed 1536K, reserved 1048576K
Event: 43.294 GC heap after
Heap after GC invocations=27 (full 6):
 PSYoungGen      total 83456K, used 0K [0x00000000eb180000, 0x00000000f1f00000, 0x0000000100000000)
  eden space 81920K, 0% used [0x00000000eb180000,0x00000000eb180000,0x00000000f0180000)
  from space 1536K, 0% used [0x00000000f1c00000,0x00000000f1c00000,0x00000000f1d80000)
  to   space 1536K, 0% used [0x00000000f1d80000,0x00000000f1d80000,0x00000000f1f00000)
 ParOldGen       total 132096K, used 30398K [0x00000000c1400000, 0x00000000c9500000, 0x00000000eb180000)
  object space 132096K, 23% used [0x00000000c1400000,0x00000000c31af9e8,0x00000000c9500000)
 Metaspace       used 11882K, capacity 12144K, committed 12288K, reserved 1060864K
  class space    used 1456K, capacity 1520K, committed 1536K, reserved 1048576K
}
Event: 45.598 GC heap before
{Heap before GC invocations=28 (full 6):
 PSYoungGen      total 83456K, used 80415K [0x00000000eb180000, 0x00000000f1f00000, 0x0000000100000000)
  eden space 81920K, 98% used [0x00000000eb180000,0x00000000f0007c90,0x00000000f0180000)
  from space 1536K, 0% used [0x00000000f1c00000,0x00000000f1c00000,0x00000000f1d80000)
  to   space 1536K, 0% used [0x00000000f1d80000,0x00000000f1d80000,0x00000000f1f00000)
 ParOldGen       total 132096K, used 30398K [0x00000000c1400000, 0x00000000c9500000, 0x00000000eb180000)
  object space 132096K, 23% used [0x00000000c1400000,0x00000000c31af9e8,0x00000000c9500000)
 Metaspace       used 11887K, capacity 12144K, committed 12288K, reserved 1060864K
  class space    used 1456K, capacity 1520K, committed 1536K, reserved 1048576K
Event: 45.602 GC heap after
Heap after GC invocations=28 (full 6):
 PSYoungGen      total 80384K, used 128K [0x00000000eb180000, 0x00000000f1e00000, 0x0000000100000000)
  eden space 79872K, 0% used [0x00000000eb180000,0x00000000eb180000,0x00000000eff80000)
  from space 512K, 25% used [0x00000000f1d80000,0x00000000f1da0000,0x00000000f1e00000)
  to   space 1536K, 0% used [0x00000000f1b00000,0x00000000f1b00000,0x00000000f1c80000)
 ParOldGen       total 132096K, used 41656K [0x00000000c1400000, 0x00000000c9500000, 0x00000000eb180000)
  object space 132096K, 31% used [0x00000000c1400000,0x00000000c3cae218,0x00000000c9500000)
 Metaspace       used 11887K, capacity 12144K, committed 12288K, reserved 1060864K
  class space    used 1456K, capacity 1520K, committed 1536K, reserved 1048576K
}

