# JRE version: Java(TM) SE Runtime Environment (8.0_202-b08) (build 1.8.0_202-b08)
# Java VM: Java HotSpot(TM) 64-Bit Server VM (25.202-b08 mixed mode windows-amd64 compressed oops)
Heap:
 PSYoungGen      total 138752K, used 47865K [0x00000000eb180000, 0x00000000f3c80000, 0x0000000100000000)
  eden space 136704K, 34% used [0x00000000eb180000,0x00000000ee01e458,0x00000000f3700000)
  from space 2048K, 6% used [0x00000000f3700000,0x00000000f3720000,0x00000000f3900000)
  to   space 2048K, 0% used [0x00000000f3900000,0x00000000f3900000,0x00000000f3b00000)
 ParOldGen       total 112128K, used 72109K [0x00000000c1400000, 0x00000000c8180000, 0x00000000eb180000)
  object space 112128K, 64% used [0x00000000c1400000,0x00000000c5a6b6f0,0x00000000c8180000)
 Metaspace       used 12316K, capacity 12572K, committed 12672K, reserved 1060864K
  class space    used 1546K, capacity 1620K, committed 1664K, reserved 1048576K
GC Heap History (10 events):
Event: 16.011 GC heap before
{Heap before GC invocations=27 (full 7):
 PSYoungGen      total 110080K, used 107292K [0x00000000eb180000, 0x00000000f2e00000, 0x0000000100000000)
  eden space 107520K, 99% used [0x00000000eb180000,0x00000000f1a1f1f8,0x00000000f1a80000)
  from space 2560K, 6% used [0x00000000f1a80000,0x00000000f1aa8000,0x00000000f1d00000)
  to   space 2560K, 0% used [0x00000000f2b80000,0x00000000f2b80000,0x00000000f2e00000)
 ParOldGen       total 99840K, used 63811K [0x00000000c1400000, 0x00000000c7580000, 0x00000000eb180000)
  object space 99840K, 63% used [0x00000000c1400000,0x00000000c5250fc0,0x00000000c7580000)
 Metaspace       used 11739K, capacity 11984K, committed 12160K, reserved 1060864K
  class space    used 1475K, capacity 1552K, committed 1664K, reserved 1048576K
Event: 16.018 GC heap after
Heap after GC invocations=27 (full 7):
 PSYoungGen      total 122880K, used 128K [0x00000000eb180000, 0x00000000f2c80000, 0x0000000100000000)
  eden space 121856K, 0% used [0x00000000eb180000,0x00000000eb180000,0x00000000f2880000)
  from space 1024K, 12% used [0x00000000f2b80000,0x00000000f2ba0000,0x00000000f2c80000)
  to   space 2048K, 0% used [0x00000000f2880000,0x00000000f2880000,0x00000000f2a80000)
 ParOldGen       total 99840K, used 75069K [0x00000000c1400000, 0x00000000c7580000, 0x00000000eb180000)
  object space 99840K, 75% used [0x00000000c1400000,0x00000000c5d4f7f0,0x00000000c7580000)
 Metaspace       used 11739K, capacity 11984K, committed 12160K, reserved 1060864K
  class space    used 1475K, capacity 1552K, committed 1664K, reserved 1048576K
}
Event: 21.417 GC heap before
{Heap before GC invocations=28 (full 7):
 PSYoungGen      total 122880K, used 120134K [0x00000000eb180000, 0x00000000f2c80000, 0x0000000100000000)
  eden space 121856K, 98% used [0x00000000eb180000,0x00000000f26b1ba8,0x00000000f2880000)
  from space 1024K, 12% used [0x00000000f2b80000,0x00000000f2ba0000,0x00000000f2c80000)
  to   space 2048K, 0% used [0x00000000f2880000,0x00000000f2880000,0x00000000f2a80000)
 ParOldGen       total 99840K, used 75069K [0x00000000c1400000, 0x00000000c7580000, 0x00000000eb180000)
  object space 99840K, 75% used [0x00000000c1400000,0x00000000c5d4f7f0,0x00000000c7580000)
 Metaspace       used 12297K, capacity 12572K, committed 12672K, reserved 1060864K
  class space    used 1546K, capacity 1620K, committed 1664K, reserved 1048576K
Event: 21.458 GC heap after
Heap after GC invocations=28 (full 7):
 PSYoungGen      total 123904K, used 904K [0x00000000eb180000, 0x00000000f3b00000, 0x0000000100000000)
  eden space 121856K, 0% used [0x00000000eb180000,0x00000000eb180000,0x00000000f2880000)
  from space 2048K, 44% used [0x00000000f2880000,0x00000000f2962238,0x00000000f2a80000)
  to   space 2048K, 0% used [0x00000000f3900000,0x00000000f3900000,0x00000000f3b00000)
 ParOldGen       total 112128K, used 108828K [0x00000000c1400000, 0x00000000c8180000, 0x00000000eb180000)
  object space 112128K, 97% used [0x00000000c1400000,0x00000000c7e47080,0x00000000c8180000)
 Metaspace       used 12297K, capacity 12572K, committed 12672K, reserved 1060864K
  class space    used 1546K, capacity 1620K, committed 1664K, reserved 1048576K
}
Event: 21.459 GC heap before
{Heap before GC invocations=29 (full 8):
 PSYoungGen      total 123904K, used 904K [0x00000000eb180000, 0x00000000f3b00000, 0x0000000100000000)
  eden space 121856K, 0% used [0x00000000eb180000,0x00000000eb180000,0x00000000f2880000)
  from space 2048K, 44% used [0x00000000f2880000,0x00000000f2962238,0x00000000f2a80000)
  to   space 2048K, 0% used [0x00000000f3900000,0x00000000f3900000,0x00000000f3b00000)
 ParOldGen       total 112128K, used 108828K [0x00000000c1400000, 0x00000000c8180000, 0x00000000eb180000)
  object space 112128K, 97% used [0x00000000c1400000,0x00000000c7e47080,0x00000000c8180000)
 Metaspace       used 12297K, capacity 12572K, committed 12672K, reserved 1060864K
  class space    used 1546K, capacity 1620K, committed 1664K, reserved 1048576K
Event: 21.505 GC heap after
Heap after GC invocations=29 (full 8):
 PSYoungGen      total 123904K, used 0K [0x00000000eb180000, 0x00000000f3b00000, 0x0000000100000000)
  eden space 121856K, 0% used [0x00000000eb180000,0x00000000eb180000,0x00000000f2880000)
  from space 2048K, 0% used [0x00000000f2880000,0x00000000f2880000,0x00000000f2a80000)
  to   space 2048K, 0% used [0x00000000f3900000,0x00000000f3900000,0x00000000f3b00000)
 ParOldGen       total 112128K, used 42101K [0x00000000c1400000, 0x00000000c8180000, 0x00000000eb180000)
  object space 112128K, 37% used [0x00000000c1400000,0x00000000c3d1d670,0x00000000c8180000)
 Metaspace       used 12297K, capacity 12572K, committed 12672K, reserved 1060864K
  class space    used 1546K, capacity 1620K, committed 1664K, reserved 1048576K
}
Event: 22.098 GC heap before
{Heap before GC invocations=30 (full 8):
 PSYoungGen      total 123904K, used 118753K [0x00000000eb180000, 0x00000000f3b00000, 0x0000000100000000)
  eden space 121856K, 97% used [0x00000000eb180000,0x00000000f2578530,0x00000000f2880000)
  from space 2048K, 0% used [0x00000000f2880000,0x00000000f2880000,0x00000000f2a80000)
  to   space 2048K, 0% used [0x00000000f3900000,0x00000000f3900000,0x00000000f3b00000)
 ParOldGen       total 112128K, used 42101K [0x00000000c1400000, 0x00000000c8180000, 0x00000000eb180000)
  object space 112128K, 37% used [0x00000000c1400000,0x00000000c3d1d670,0x00000000c8180000)
 Metaspace       used 12302K, capacity 12572K, committed 12672K, reserved 1060864K
  class space    used 1546K, capacity 1620K, committed 1664K, reserved 1048576K
Event: 22.104 GC heap after
Heap after GC invocations=30 (full 8):
 PSYoungGen      total 138752K, used 160K [0x00000000eb180000, 0x00000000f3c80000, 0x0000000100000000)
  eden space 136704K, 0% used [0x00000000eb180000,0x00000000eb180000,0x00000000f3700000)
  from space 2048K, 7% used [0x00000000f3900000,0x00000000f3928000,0x00000000f3b00000)
  to   space 2048K, 0% used [0x00000000f3700000,0x00000000f3700000,0x00000000f3900000)
 ParOldGen       total 112128K, used 60859K [0x00000000c1400000, 0x00000000c8180000, 0x00000000eb180000)
  object space 112128K, 54% used [0x00000000c1400000,0x00000000c4f6eec0,0x00000000c8180000)
 Metaspace       used 12302K, capacity 12572K, committed 12672K, reserved 1060864K
  class space    used 1546K, capacity 1620K, committed 1664K, reserved 1048576K
}
Event: 22.651 GC heap before
{Heap before GC invocations=31 (full 8):
 PSYoungGen      total 138752K, used 134176K [0x00000000eb180000, 0x00000000f3c80000, 0x0000000100000000)
  eden space 136704K, 98% used [0x00000000eb180000,0x00000000f34600a8,0x00000000f3700000)
  from space 2048K, 7% used [0x00000000f3900000,0x00000000f3928000,0x00000000f3b00000)
  to   space 2048K, 0% used [0x00000000f3700000,0x00000000f3700000,0x00000000f3900000)
 ParOldGen       total 112128K, used 60859K [0x00000000c1400000, 0x00000000c8180000, 0x00000000eb180000)
  object space 112128K, 54% used [0x00000000c1400000,0x00000000c4f6eec0,0x00000000c8180000)
 Metaspace       used 12315K, capacity 12572K, committed 12672K, reserved 1060864K
  class space    used 1546K, capacity 1620K, committed 1664K, reserved 1048576K
Event: 22.654 GC heap after
Heap after GC invocations=31 (full 8):
 PSYoungGen      total 138752K, used 128K [0x00000000eb180000, 0x00000000f3c80000, 0x0000000100000000)
  eden space 136704K, 0% used [0x00000000eb180000,0x00000000eb180000,0x00000000f3700000)
  from space 2048K, 6% used [0x00000000f3700000,0x00000000f3720000,0x00000000f3900000)
  to   space 2048K, 0% used [0x00000000f3900000,0x00000000f3900000,0x00000000f3b00000)
 ParOldGen       total 112128K, used 72109K [0x00000000c1400000, 0x00000000c8180000, 0x00000000eb180000)
  object space 112128K, 64% used [0x00000000c1400000,0x00000000c5a6b6f0,0x00000000c8180000)
 Metaspace       used 12315K, capacity 12572K, committed 12672K, reserved 1060864K
  class space    used 1546K, capacity 1620K, committed 1664K, reserved 1048576K
}

