# JRE version: Java(TM) SE Runtime Environment (8.0_202-b08) (build 1.8.0_202-b08)
# Java VM: Java HotSpot(TM) 64-Bit Server VM (25.202-b08 mixed mode windows-amd64 compressed oops)
Heap:
 PSYoungGen      total 98816K, used 31900K [0x00000000eb180000, 0x00000000f1500000, 0x0000000100000000)
  eden space 96768K, 32% used [0x00000000eb180000,0x00000000ed0a71f8,0x00000000f1000000)
  from space 2048K, 0% used [0x00000000f1300000,0x00000000f1300000,0x00000000f1500000)
  to   space 2560K, 0% used [0x00000000f1000000,0x00000000f1000000,0x00000000f1280000)
 ParOldGen       total 55296K, used 22877K [0x00000000c1400000, 0x00000000c4a00000, 0x00000000eb180000)
  object space 55296K, 41% used [0x00000000c1400000,0x00000000c2a577d0,0x00000000c4a00000)
 Metaspace       used 10314K, capacity 10570K, committed 10880K, reserved 1058816K
  class space    used 1198K, capacity 1293K, committed 1408K, reserved 1048576K
GC Heap History (10 events):
Event: 11.731 GC heap before
{Heap before GC invocations=38 (full 18):
 PSYoungGen      total 98816K, used 160K [0x00000000eb180000, 0x00000000f1500000, 0x0000000100000000)
  eden space 96768K, 0% used [0x00000000eb180000,0x00000000eb180000,0x00000000f1000000)
  from space 2048K, 7% used [0x00000000f1300000,0x00000000f1328000,0x00000000f1500000)
  to   space 2560K, 0% used [0x00000000f1000000,0x00000000f1000000,0x00000000f1280000)
 ParOldGen       total 55296K, used 41632K [0x00000000c1400000, 0x00000000c4a00000, 0x00000000eb180000)
  object space 55296K, 75% used [0x00000000c1400000,0x00000000c3ca82b8,0x00000000c4a00000)
 Metaspace       used 10288K, capacity 10570K, committed 10880K, reserved 1058816K
  class space    used 1198K, capacity 1293K, committed 1408K, reserved 1048576K
Event: 11.742 GC heap after
Heap after GC invocations=38 (full 18):
 PSYoungGen      total 98816K, used 0K [0x00000000eb180000, 0x00000000f1500000, 0x0000000100000000)
  eden space 96768K, 0% used [0x00000000eb180000,0x00000000eb180000,0x00000000f1000000)
  from space 2048K, 0% used [0x00000000f1300000,0x00000000f1300000,0x00000000f1500000)
  to   space 2560K, 0% used [0x00000000f1000000,0x00000000f1000000,0x00000000f1280000)
 ParOldGen       total 55296K, used 22876K [0x00000000c1400000, 0x00000000c4a00000, 0x00000000eb180000)
  object space 55296K, 41% used [0x00000000c1400000,0x00000000c2a571c8,0x00000000c4a00000)
 Metaspace       used 10288K, capacity 10570K, committed 10880K, reserved 1058816K
  class space    used 1198K, capacity 1293K, committed 1408K, reserved 1048576K
}
Event: 12.521 GC heap before
{Heap before GC invocations=39 (full 18):
 PSYoungGen      total 98816K, used 95658K [0x00000000eb180000, 0x00000000f1500000, 0x0000000100000000)
  eden space 96768K, 98% used [0x00000000eb180000,0x00000000f0eea910,0x00000000f1000000)
  from space 2048K, 0% used [0x00000000f1300000,0x00000000f1300000,0x00000000f1500000)
  to   space 2560K, 0% used [0x00000000f1000000,0x00000000f1000000,0x00000000f1280000)
 ParOldGen       total 55296K, used 22876K [0x00000000c1400000, 0x00000000c4a00000, 0x00000000eb180000)
  object space 55296K, 41% used [0x00000000c1400000,0x00000000c2a571c8,0x00000000c4a00000)
 Metaspace       used 10293K, capacity 10570K, committed 10880K, reserved 1058816K
  class space    used 1198K, capacity 1293K, committed 1408K, reserved 1048576K
Event: 12.525 GC heap after
Heap after GC invocations=39 (full 18):
 PSYoungGen      total 99328K, used 160K [0x00000000eb180000, 0x00000000f1500000, 0x0000000100000000)
  eden space 96768K, 0% used [0x00000000eb180000,0x00000000eb180000,0x00000000f1000000)
  from space 2560K, 6% used [0x00000000f1000000,0x00000000f1028000,0x00000000f1280000)
  to   space 2048K, 0% used [0x00000000f1300000,0x00000000f1300000,0x00000000f1500000)
 ParOldGen       total 55296K, used 37876K [0x00000000c1400000, 0x00000000c4a00000, 0x00000000eb180000)
  object space 55296K, 68% used [0x00000000c1400000,0x00000000c38fd208,0x00000000c4a00000)
 Metaspace       used 10293K, capacity 10570K, committed 10880K, reserved 1058816K
  class space    used 1198K, capacity 1293K, committed 1408K, reserved 1048576K
}
Event: 12.525 GC heap before
{Heap before GC invocations=40 (full 19):
 PSYoungGen      total 99328K, used 160K [0x00000000eb180000, 0x00000000f1500000, 0x0000000100000000)
  eden space 96768K, 0% used [0x00000000eb180000,0x00000000eb180000,0x00000000f1000000)
  from space 2560K, 6% used [0x00000000f1000000,0x00000000f1028000,0x00000000f1280000)
  to   space 2048K, 0% used [0x00000000f1300000,0x00000000f1300000,0x00000000f1500000)
 ParOldGen       total 55296K, used 37876K [0x00000000c1400000, 0x00000000c4a00000, 0x00000000eb180000)
  object space 55296K, 68% used [0x00000000c1400000,0x00000000c38fd208,0x00000000c4a00000)
 Metaspace       used 10293K, capacity 10570K, committed 10880K, reserved 1058816K
  class space    used 1198K, capacity 1293K, committed 1408K, reserved 1048576K
Event: 12.534 GC heap after
Heap after GC invocations=40 (full 19):
 PSYoungGen      total 99328K, used 0K [0x00000000eb180000, 0x00000000f1500000, 0x0000000100000000)
  eden space 96768K, 0% used [0x00000000eb180000,0x00000000eb180000,0x00000000f1000000)
  from space 2560K, 0% used [0x00000000f1000000,0x00000000f1000000,0x00000000f1280000)
  to   space 2048K, 0% used [0x00000000f1300000,0x00000000f1300000,0x00000000f1500000)
 ParOldGen       total 55296K, used 22876K [0x00000000c1400000, 0x00000000c4a00000, 0x00000000eb180000)
  object space 55296K, 41% used [0x00000000c1400000,0x00000000c2a57280,0x00000000c4a00000)
 Metaspace       used 10293K, capacity 10570K, committed 10880K, reserved 1058816K
  class space    used 1198K, capacity 1293K, committed 1408K, reserved 1048576K
}
Event: 13.313 GC heap before
{Heap before GC invocations=41 (full 19):
 PSYoungGen      total 99328K, used 95662K [0x00000000eb180000, 0x00000000f1500000, 0x0000000100000000)
  eden space 96768K, 98% used [0x00000000eb180000,0x00000000f0eebb40,0x00000000f1000000)
  from space 2560K, 0% used [0x00000000f1000000,0x00000000f1000000,0x00000000f1280000)
  to   space 2048K, 0% used [0x00000000f1300000,0x00000000f1300000,0x00000000f1500000)
 ParOldGen       total 55296K, used 22876K [0x00000000c1400000, 0x00000000c4a00000, 0x00000000eb180000)
  object space 55296K, 41% used [0x00000000c1400000,0x00000000c2a57280,0x00000000c4a00000)
 Metaspace       used 10303K, capacity 10570K, committed 10880K, reserved 1058816K
  class space    used 1198K, capacity 1293K, committed 1408K, reserved 1048576K
Event: 13.317 GC heap after
Heap after GC invocations=41 (full 19):
 PSYoungGen      total 98816K, used 160K [0x00000000eb180000, 0x00000000f1500000, 0x0000000100000000)
  eden space 96768K, 0% used [0x00000000eb180000,0x00000000eb180000,0x00000000f1000000)
  from space 2048K, 7% used [0x00000000f1300000,0x00000000f1328000,0x00000000f1500000)
  to   space 2560K, 0% used [0x00000000f1000000,0x00000000f1000000,0x00000000f1280000)
 ParOldGen       total 55296K, used 37884K [0x00000000c1400000, 0x00000000c4a00000, 0x00000000eb180000)
  object space 55296K, 68% used [0x00000000c1400000,0x00000000c38ff2c0,0x00000000c4a00000)
 Metaspace       used 10303K, capacity 10570K, committed 10880K, reserved 1058816K
  class space    used 1198K, capacity 1293K, committed 1408K, reserved 1048576K
}
Event: 13.317 GC heap before
{Heap before GC invocations=42 (full 20):
 PSYoungGen      total 98816K, used 160K [0x00000000eb180000, 0x00000000f1500000, 0x0000000100000000)
  eden space 96768K, 0% used [0x00000000eb180000,0x00000000eb180000,0x00000000f1000000)
  from space 2048K, 7% used [0x00000000f1300000,0x00000000f1328000,0x00000000f1500000)
  to   space 2560K, 0% used [0x00000000f1000000,0x00000000f1000000,0x00000000f1280000)
 ParOldGen       total 55296K, used 37884K [0x00000000c1400000, 0x00000000c4a00000, 0x00000000eb180000)
  object space 55296K, 68% used [0x00000000c1400000,0x00000000c38ff2c0,0x00000000c4a00000)
 Metaspace       used 10303K, capacity 10570K, committed 10880K, reserved 1058816K
  class space    used 1198K, capacity 1293K, committed 1408K, reserved 1048576K
Event: 13.329 GC heap after
Heap after GC invocations=42 (full 20):
 PSYoungGen      total 98816K, used 0K [0x00000000eb180000, 0x00000000f1500000, 0x0000000100000000)
  eden space 96768K, 0% used [0x00000000eb180000,0x00000000eb180000,0x00000000f1000000)
  from space 2048K, 0% used [0x00000000f1300000,0x00000000f1300000,0x00000000f1500000)
  to   space 2560K, 0% used [0x00000000f1000000,0x00000000f1000000,0x00000000f1280000)
 ParOldGen       total 55296K, used 22877K [0x00000000c1400000, 0x00000000c4a00000, 0x00000000eb180000)
  object space 55296K, 41% used [0x00000000c1400000,0x00000000c2a577d0,0x00000000c4a00000)
 Metaspace       used 10303K, capacity 10570K, committed 10880K, reserved 1058816K
  class space    used 1198K, capacity 1293K, committed 1408K, reserved 1048576K
}

