# JRE version: Java(TM) SE Runtime Environment (8.0_202-b08) (build 1.8.0_202-b08)
# Java VM: Java HotSpot(TM) 64-Bit Server VM (25.202-b08 mixed mode windows-amd64 compressed oops)
Heap:
 PSYoungGen      total 185856K, used 157499K [0x00000000eb180000, 0x00000000f6a00000, 0x0000000100000000)
  eden space 182784K, 86% used [0x00000000eb180000,0x00000000f4b2ed70,0x00000000f6400000)
  from space 3072K, 4% used [0x00000000f6400000,0x00000000f6420000,0x00000000f6700000)
  to   space 512K, 0% used [0x00000000f6980000,0x00000000f6980000,0x00000000f6a00000)
 ParOldGen       total 113664K, used 67573K [0x00000000c1400000, 0x00000000c8300000, 0x00000000eb180000)
  object space 113664K, 59% used [0x00000000c1400000,0x00000000c55fd438,0x00000000c8300000)
 Metaspace       used 11731K, capacity 11952K, committed 12160K, reserved 1060864K
  class space    used 1482K, capacity 1584K, committed 1664K, reserved 1048576K
GC Heap History (10 events):
Event: 15.126 GC heap before
{Heap before GC invocations=18 (full 4):
 PSYoungGen      total 118272K, used 114998K [0x00000000eb180000, 0x00000000f4500000, 0x0000000100000000)
  eden space 115200K, 99% used [0x00000000eb180000,0x00000000f21a5b30,0x00000000f2200000)
  from space 3072K, 5% used [0x00000000f2200000,0x00000000f2228000,0x00000000f2500000)
  to   space 3072K, 0% used [0x00000000f4200000,0x00000000f4200000,0x00000000f4500000)
 ParOldGen       total 102400K, used 78751K [0x00000000c1400000, 0x00000000c7800000, 0x00000000eb180000)
  object space 102400K, 76% used [0x00000000c1400000,0x00000000c60e7cd8,0x00000000c7800000)
 Metaspace       used 11645K, capacity 11888K, committed 12160K, reserved 1060864K
  class space    used 1482K, capacity 1584K, committed 1664K, reserved 1048576K
Event: 15.135 GC heap after
Heap after GC invocations=18 (full 4):
 PSYoungGen      total 147968K, used 160K [0x00000000eb180000, 0x00000000f4500000, 0x0000000100000000)
  eden space 144896K, 0% used [0x00000000eb180000,0x00000000eb180000,0x00000000f3f00000)
  from space 3072K, 5% used [0x00000000f4200000,0x00000000f4228000,0x00000000f4500000)
  to   space 3072K, 0% used [0x00000000f3f00000,0x00000000f3f00000,0x00000000f4200000)
 ParOldGen       total 102400K, used 90009K [0x00000000c1400000, 0x00000000c7800000, 0x00000000eb180000)
  object space 102400K, 87% used [0x00000000c1400000,0x00000000c6be6508,0x00000000c7800000)
 Metaspace       used 11645K, capacity 11888K, committed 12160K, reserved 1060864K
  class space    used 1482K, capacity 1584K, committed 1664K, reserved 1048576K
}
Event: 15.135 GC heap before
{Heap before GC invocations=19 (full 5):
 PSYoungGen      total 147968K, used 160K [0x00000000eb180000, 0x00000000f4500000, 0x0000000100000000)
  eden space 144896K, 0% used [0x00000000eb180000,0x00000000eb180000,0x00000000f3f00000)
  from space 3072K, 5% used [0x00000000f4200000,0x00000000f4228000,0x00000000f4500000)
  to   space 3072K, 0% used [0x00000000f3f00000,0x00000000f3f00000,0x00000000f4200000)
 ParOldGen       total 102400K, used 90009K [0x00000000c1400000, 0x00000000c7800000, 0x00000000eb180000)
  object space 102400K, 87% used [0x00000000c1400000,0x00000000c6be6508,0x00000000c7800000)
 Metaspace       used 11645K, capacity 11888K, committed 12160K, reserved 1060864K
  class space    used 1482K, capacity 1584K, committed 1664K, reserved 1048576K
Event: 15.148 GC heap after
Heap after GC invocations=19 (full 5):
 PSYoungGen      total 147968K, used 0K [0x00000000eb180000, 0x00000000f4500000, 0x0000000100000000)
  eden space 144896K, 0% used [0x00000000eb180000,0x00000000eb180000,0x00000000f3f00000)
  from space 3072K, 0% used [0x00000000f4200000,0x00000000f4200000,0x00000000f4500000)
  to   space 3072K, 0% used [0x00000000f3f00000,0x00000000f3f00000,0x00000000f4200000)
 ParOldGen       total 113664K, used 26298K [0x00000000c1400000, 0x00000000c8300000, 0x00000000eb180000)
  object space 113664K, 23% used [0x00000000c1400000,0x00000000c2daeb88,0x00000000c8300000)
 Metaspace       used 11645K, capacity 11888K, committed 12160K, reserved 1060864K
  class space    used 1482K, capacity 1584K, committed 1664K, reserved 1048576K
}
Event: 15.873 GC heap before
{Heap before GC invocations=20 (full 5):
 PSYoungGen      total 147968K, used 141658K [0x00000000eb180000, 0x00000000f4500000, 0x0000000100000000)
  eden space 144896K, 97% used [0x00000000eb180000,0x00000000f3bd6b18,0x00000000f3f00000)
  from space 3072K, 0% used [0x00000000f4200000,0x00000000f4200000,0x00000000f4500000)
  to   space 3072K, 0% used [0x00000000f3f00000,0x00000000f3f00000,0x00000000f4200000)
 ParOldGen       total 113664K, used 26298K [0x00000000c1400000, 0x00000000c8300000, 0x00000000eb180000)
  object space 113664K, 23% used [0x00000000c1400000,0x00000000c2daeb88,0x00000000c8300000)
 Metaspace       used 11681K, capacity 11952K, committed 12160K, reserved 1060864K
  class space    used 1482K, capacity 1584K, committed 1664K, reserved 1048576K
Event: 15.884 GC heap after
Heap after GC invocations=20 (full 5):
 PSYoungGen      total 147968K, used 160K [0x00000000eb180000, 0x00000000f6c80000, 0x0000000100000000)
  eden space 144896K, 0% used [0x00000000eb180000,0x00000000eb180000,0x00000000f3f00000)
  from space 3072K, 5% used [0x00000000f3f00000,0x00000000f3f28000,0x00000000f4200000)
  to   space 3072K, 0% used [0x00000000f6980000,0x00000000f6980000,0x00000000f6c80000)
 ParOldGen       total 113664K, used 45056K [0x00000000c1400000, 0x00000000c8300000, 0x00000000eb180000)
  object space 113664K, 39% used [0x00000000c1400000,0x00000000c40003d8,0x00000000c8300000)
 Metaspace       used 11681K, capacity 11952K, committed 12160K, reserved 1060864K
  class space    used 1482K, capacity 1584K, committed 1664K, reserved 1048576K
}
Event: 16.458 GC heap before
{Heap before GC invocations=21 (full 5):
 PSYoungGen      total 147968K, used 141802K [0x00000000eb180000, 0x00000000f6c80000, 0x0000000100000000)
  eden space 144896K, 97% used [0x00000000eb180000,0x00000000f3bd2af8,0x00000000f3f00000)
  from space 3072K, 5% used [0x00000000f3f00000,0x00000000f3f28000,0x00000000f4200000)
  to   space 3072K, 0% used [0x00000000f6980000,0x00000000f6980000,0x00000000f6c80000)
 ParOldGen       total 113664K, used 45056K [0x00000000c1400000, 0x00000000c8300000, 0x00000000eb180000)
  object space 113664K, 39% used [0x00000000c1400000,0x00000000c40003d8,0x00000000c8300000)
 Metaspace       used 11710K, capacity 11952K, committed 12160K, reserved 1060864K
  class space    used 1482K, capacity 1584K, committed 1664K, reserved 1048576K
Event: 16.464 GC heap after
Heap after GC invocations=21 (full 5):
 PSYoungGen      total 183296K, used 160K [0x00000000eb180000, 0x00000000f6a00000, 0x0000000100000000)
  eden space 182784K, 0% used [0x00000000eb180000,0x00000000eb180000,0x00000000f6400000)
  from space 512K, 31% used [0x00000000f6980000,0x00000000f69a8000,0x00000000f6a00000)
  to   space 3072K, 0% used [0x00000000f6400000,0x00000000f6400000,0x00000000f6700000)
 ParOldGen       total 113664K, used 56315K [0x00000000c1400000, 0x00000000c8300000, 0x00000000eb180000)
  object space 113664K, 49% used [0x00000000c1400000,0x00000000c4afec08,0x00000000c8300000)
 Metaspace       used 11710K, capacity 11952K, committed 12160K, reserved 1060864K
  class space    used 1482K, capacity 1584K, committed 1664K, reserved 1048576K
}
Event: 17.940 GC heap before
{Heap before GC invocations=22 (full 5):
 PSYoungGen      total 183296K, used 180050K [0x00000000eb180000, 0x00000000f6a00000, 0x0000000100000000)
  eden space 182784K, 98% used [0x00000000eb180000,0x00000000f612c810,0x00000000f6400000)
  from space 512K, 31% used [0x00000000f6980000,0x00000000f69a8000,0x00000000f6a00000)
  to   space 3072K, 0% used [0x00000000f6400000,0x00000000f6400000,0x00000000f6700000)
 ParOldGen       total 113664K, used 56315K [0x00000000c1400000, 0x00000000c8300000, 0x00000000eb180000)
  object space 113664K, 49% used [0x00000000c1400000,0x00000000c4afec08,0x00000000c8300000)
 Metaspace       used 11725K, capacity 11952K, committed 12160K, reserved 1060864K
  class space    used 1482K, capacity 1584K, committed 1664K, reserved 1048576K
Event: 18.015 GC heap after
Heap after GC invocations=22 (full 5):
 PSYoungGen      total 185856K, used 128K [0x00000000eb180000, 0x00000000f6a00000, 0x0000000100000000)
  eden space 182784K, 0% used [0x00000000eb180000,0x00000000eb180000,0x00000000f6400000)
  from space 3072K, 4% used [0x00000000f6400000,0x00000000f6420000,0x00000000f6700000)
  to   space 512K, 0% used [0x00000000f6980000,0x00000000f6980000,0x00000000f6a00000)
 ParOldGen       total 113664K, used 67573K [0x00000000c1400000, 0x00000000c8300000, 0x00000000eb180000)
  object space 113664K, 59% used [0x00000000c1400000,0x00000000c55fd438,0x00000000c8300000)
 Metaspace       used 11725K, capacity 11952K, committed 12160K, reserved 1060864K
  class space    used 1482K, capacity 1584K, committed 1664K, reserved 1048576K
}

